<?xml version="1.0" encoding="UTF-8"?>
<!-- Generated by org.testng.reporters.JUnitReportReporter -->
<testsuite hostname="LAPTOP-589LAIG8" failures="0" tests="1" name="testCases.TC_AccountRegistractionTest" time="0.864" errors="0" timestamp="2025-03-31T14:23:23 IST" skipped="0">
  <testcase classname="testCases.TC_AccountRegistractionTest" name="login" time="0.864"/>
  <system-out/>
</testsuite> <!-- testCases.TC_AccountRegistractionTest -->
