<?xml version="1.0" encoding="UTF-8"?>
<!-- Generated by org.testng.reporters.JUnitReportReporter -->
<testsuite hostname="LAPTOP-589LAIG8" failures="0" tests="1" name="testCases.TC_LoginPage" time="1.661" errors="0" timestamp="2025-03-31T14:23:23 IST" skipped="0">
  <testcase classname="testCases.TC_LoginPage" name="Logincheck" time="1.661"/>
  <system-out/>
</testsuite> <!-- testCases.TC_LoginPage -->
