<?xml version="1.0" encoding="UTF-8"?>
<!-- Generated by org.testng.reporters.JUnitReportReporter -->
<testsuite hostname="LAPTOP-589LAIG8" failures="0" tests="1" name="testBase.TC_AccountRegistractionTest" time="1.063" errors="0" timestamp="2025-03-29T20:29:07 IST" skipped="0">
  <testcase classname="testBase.TC_AccountRegistractionTest" name="login" time="1.063"/>
  <system-out/>
</testsuite> <!-- testBase.TC_AccountRegistractionTest -->
