<?xml version="1.0" encoding="UTF-8"?>
<!-- Generated by org.testng.reporters.JUnitReportReporter -->
<testsuite hostname="LAPTOP-589LAIG8" failures="0" tests="1" name="testCases.TC_LoginPage" time="2.144" errors="0" timestamp="2025-04-03T20:17:20 IST" skipped="0">
  <testcase classname="testCases.TC_LoginPage" name="Logincheck" time="2.144"/>
  <system-out/>
</testsuite> <!-- testCases.TC_LoginPage -->
